\BOOKMARK [1][-]{section.1}{\376\377\000W\000a\000t\000t\000l\000e}{}% 1
\BOOKMARK [2][-]{subsection.1.1}{\376\377\000C\000o\000u\000r\000s\000e\000\040\000c\000o\000n\000t\000a\000c\000t\000s}{section.1}% 2
\BOOKMARK [2][-]{subsection.1.2}{\376\377\000C\000o\000u\000r\000s\000e\000\040\000i\000n\000f\000o\000r\000m\000a\000t\000i\000o\000n}{section.1}% 3
\BOOKMARK [3][-]{subsubsection.1.2.1}{\376\377\000T\000e\000x\000t\000b\000o\000o\000k}{subsection.1.2}% 4
\BOOKMARK [3][-]{subsubsection.1.2.2}{\376\377\000L\000e\000c\000t\000u\000r\000e\000s\000,\000\040\000w\000o\000r\000k\000s\000h\000o\000p\000s\000,\000\040\000a\000n\000d\000\040\000o\000f\000f\000i\000c\000e\000\040\000h\000o\000u\000r\000s}{subsection.1.2}% 5
\BOOKMARK [3][-]{subsubsection.1.2.3}{\376\377\000A\000s\000s\000e\000s\000s\000m\000e\000n\000t}{subsection.1.2}% 6
\BOOKMARK [3][-]{subsubsection.1.2.4}{\376\377\000C\000o\000l\000l\000a\000b\000o\000r\000a\000t\000i\000o\000n\000\040\000p\000o\000l\000i\000c\000y}{subsection.1.2}% 7
\BOOKMARK [3][-]{subsubsection.1.2.5}{\376\377\000C\000o\000u\000r\000s\000e\000\040\000p\000l\000a\000n}{subsection.1.2}% 8
\BOOKMARK [2][-]{subsection.1.3}{\376\377\000A\000n\000n\000o\000u\000n\000c\000e\000m\000e\000n\000t\000s}{section.1}% 9
\BOOKMARK [3][-]{subsubsection.1.3.1}{\376\377\000Q\000u\000i\000z\000\040\0001}{subsection.1.3}% 10
\BOOKMARK [1][-]{section.2}{\376\377\000H\000o\000m\000e\000w\000o\000r\000k}{}% 11
\BOOKMARK [2][-]{subsection.2.1}{\376\377\000H\000o\000m\000e\000w\000o\000r\000k\000\040\0001}{section.2}% 12
\BOOKMARK [3][-]{subsubsection.2.1.1}{\376\377\000P\000r\000o\000b\000l\000e\000m\000\040\0001\000\040\000\050\0001\0005\000.\0001\000.\0001\000\051}{subsection.2.1}% 13
\BOOKMARK [3][-]{subsubsection.2.1.2}{\376\377\000P\000r\000o\000b\000l\000e\000m\000\040\0002\000\040\000\050\0001\0005\000.\0002\000.\0001\000\051}{subsection.2.1}% 14
\BOOKMARK [3][-]{subsubsection.2.1.3}{\376\377\000P\000r\000o\000b\000l\000e\000m\000\040\0003\000\040\000\050\0001\0005\000.\0002\000.\0003\000\051}{subsection.2.1}% 15
\BOOKMARK [3][-]{subsubsection.2.1.4}{\376\377\000P\000r\000o\000b\000l\000e\000m\000\040\0004\000\040\000\050\0001\0005\000.\0003\000.\0005\000\051}{subsection.2.1}% 16
\BOOKMARK [3][-]{subsubsection.2.1.5}{\376\377\000P\000r\000o\000b\000l\000e\000m\000\040\0005\000\040\000\050\0001\0005\000.\0003\000.\0007\000\051}{subsection.2.1}% 17
\BOOKMARK [2][-]{subsection.2.2}{\376\377\000H\000o\000m\000e\000w\000o\000r\000k\000\040\0002}{section.2}% 18
\BOOKMARK [3][-]{subsubsection.2.2.1}{\376\377\000P\000r\000o\000b\000l\000e\000m\000\040\0001\000\040\000\050\0001\0005\000.\0004\000.\0001\000\051}{subsection.2.2}% 19
\BOOKMARK [3][-]{subsubsection.2.2.2}{\376\377\000P\000r\000o\000b\000l\000e\000m\000\040\0002\000\040\000\050\0001\0005\000.\0005\000.\0002\000\050\000a\000\051\000\051}{subsection.2.2}% 20
\BOOKMARK [3][-]{subsubsection.2.2.3}{\376\377\000P\000r\000o\000b\000l\000e\000m\000\040\0003\000\040\000\050\0001\0005\000.\0006\000.\0002\000\040\000m\000o\000d\000i\000f\000i\000e\000d\000\051}{subsection.2.2}% 21
\BOOKMARK [3][-]{subsubsection.2.2.4}{\376\377\000P\000r\000o\000b\000l\000e\000m\000\040\0004\000\040\000\050\0001\0005\000.\0001\0000\000.\0001\000\051}{subsection.2.2}% 22
\BOOKMARK [3][-]{subsubsection.2.2.5}{\376\377\000P\000r\000o\000b\000l\000e\000m\000\040\0005\000\040\000\050\0001\0005\000.\0007\000.\0008\000\051}{subsection.2.2}% 23
\BOOKMARK [2][-]{subsection.2.3}{\376\377\000H\000o\000m\000e\000w\000o\000r\000k\000\040\0003}{section.2}% 24
\BOOKMARK [3][-]{subsubsection.2.3.1}{\376\377\000P\000r\000o\000b\000l\000e\000m\000\040\0001\000\040\000\050\0001\0005\000.\0007\000.\0006\000\051}{subsection.2.3}% 25
\BOOKMARK [3][-]{subsubsection.2.3.2}{\376\377\000P\000r\000o\000b\000l\000e\000m\000\040\0002\000\040\000\050\000P\000r\000e\000s\000e\000n\000t\000a\000t\000i\000o\000n\000s\000\051}{subsection.2.3}% 26
\BOOKMARK [3][-]{subsubsection.2.3.3}{\376\377\000P\000r\000o\000b\000l\000e\000m\000\040\0003\000\040\000\050\000A\000u\000t\000o\000m\000o\000r\000p\000h\000i\000s\000m\000s\000\040\0001\000\051}{subsection.2.3}% 27
\BOOKMARK [3][-]{subsubsection.2.3.4}{\376\377\000P\000r\000o\000b\000l\000e\000m\000\040\0004\000\040\000\050\000A\000u\000t\000o\000m\000o\000r\000p\000h\000i\000s\000m\000s\000\040\0002\000\051}{subsection.2.3}% 28
\BOOKMARK [3][-]{subsubsection.2.3.5}{\376\377\000P\000r\000o\000b\000l\000e\000m\000\040\0005}{subsection.2.3}% 29
\BOOKMARK [2][-]{subsection.2.4}{\376\377\000H\000o\000m\000e\000w\000o\000r\000k\000\040\0004}{section.2}% 30
\BOOKMARK [3][-]{subsubsection.2.4.1}{\376\377\000P\000r\000o\000b\000l\000e\000m\000\040\0001\000\040\000\050\0001\0006\000.\0003\000.\0002\000\051}{subsection.2.4}% 31
\BOOKMARK [3][-]{subsubsection.2.4.2}{\376\377\000P\000r\000o\000b\000l\000e\000m\000\040\0002\000\040\000\050\0001\0006\000.\0006\000.\0002\000\051}{subsection.2.4}% 32
\BOOKMARK [3][-]{subsubsection.2.4.3}{\376\377\000P\000r\000o\000b\000l\000e\000m\000\040\0003}{subsection.2.4}% 33
\BOOKMARK [3][-]{subsubsection.2.4.4}{\376\377\000P\000r\000o\000b\000l\000e\000m\000\040\0004}{subsection.2.4}% 34
\BOOKMARK [3][-]{subsubsection.2.4.5}{\376\377\000P\000r\000o\000b\000l\000e\000m\000\040\0005}{subsection.2.4}% 35
\BOOKMARK [3][-]{subsubsection.2.4.6}{\376\377\000O\000p\000t\000i\000o\000n\000a\000l\000\040\000\050\000D\000o\000\040\000n\000o\000t\000\040\000t\000u\000r\000n\000\040\000i\000n\000\051}{subsection.2.4}% 36
\BOOKMARK [2][-]{subsection.2.5}{\376\377\000H\000o\000m\000e\000w\000o\000r\000k\000\040\0005}{section.2}% 37
\BOOKMARK [3][-]{subsubsection.2.5.1}{\376\377\000P\000r\000o\000b\000l\000e\000m\000\040\0001\000\040\000\050\0001\0006\000.\0009\000.\0003\000\040\000m\000o\000d\000i\000f\000i\000e\000d\000\051}{subsection.2.5}% 38
\BOOKMARK [3][-]{subsubsection.2.5.2}{\376\377\000P\000r\000o\000b\000l\000e\000m\000\040\0002}{subsection.2.5}% 39
\BOOKMARK [3][-]{subsubsection.2.5.3}{\376\377\000P\000r\000o\000b\000l\000e\000m\000\040\0003}{subsection.2.5}% 40
\BOOKMARK [3][-]{subsubsection.2.5.4}{\376\377\000P\000r\000o\000b\000l\000e\000m\000\040\0004}{subsection.2.5}% 41
\BOOKMARK [3][-]{subsubsection.2.5.5}{\376\377\000P\000r\000o\000b\000l\000e\000m\000\040\0005\000\040\000\050\0001\0006\000.\0001\0002\000.\0007\000\051}{subsection.2.5}% 42
\BOOKMARK [1][-]{section.3}{\376\377\000W\000o\000r\000k\000s\000h\000o\000p\000s}{}% 43
\BOOKMARK [2][-]{subsection.3.1}{\376\377\000W\000o\000r\000k\000s\000h\000o\000p\000\040\0001}{section.3}% 44
\BOOKMARK [3][-]{subsubsection.3.1.1}{\376\377\000D\000e\000g\000r\000e\000e\000\040\000o\000f\000\040\000Q\000\050\000\050\0002\000/\000p\000\051\000\051\000?}{subsection.3.1}% 45
\BOOKMARK [3][-]{subsubsection.3.1.2}{\376\377\000M\000o\000s\000t\000\040\000a\000n\000g\000l\000e\000s\000\040\000c\000a\000n\000n\000o\000t\000\040\000b\000e\000\040\000t\000r\000i\000s\000e\000c\000t\000e\000d}{subsection.3.1}% 46
\BOOKMARK [2][-]{subsection.3.2}{\376\377\000W\000o\000r\000k\000s\000h\000o\000p\000\040\0002}{section.3}% 47
\BOOKMARK [3][-]{subsubsection.3.2.1}{\376\377\000F\000a\000c\000t\000o\000r\000i\000s\000a\000t\000i\000o\000n\000\040\000i\000n\000\040\000a\000\040\000f\000i\000n\000i\000t\000e\000\040\000f\000i\000e\000l\000d}{subsection.3.2}% 48
\BOOKMARK [3][-]{subsubsection.3.2.2}{\376\377\000C\000o\000n\000j\000u\000g\000a\000t\000e\000s}{subsection.3.2}% 49
\BOOKMARK [3][-]{subsubsection.3.2.3}{\376\377\000F\000a\000c\000t\000o\000r\000i\000s\000a\000t\000i\000o\000n\000,\000\040\000o\000n\000c\000e\000\040\000a\000g\000a\000i\000n}{subsection.3.2}% 50
\BOOKMARK [2][-]{subsection.3.3}{\376\377\000W\000o\000r\000k\000s\000h\000o\000p\000\040\0003}{section.3}% 51
\BOOKMARK [2][-]{subsection.3.4}{\376\377\000W\000o\000r\000k\000s\000h\000o\000p\000\040\0004}{section.3}% 52
\BOOKMARK [2][-]{subsection.3.5}{\376\377\000W\000o\000r\000k\000s\000h\000o\000p\000\040\0005}{section.3}% 53
